<?xml version="1.0" encoding="UTF-8"?>
<!-- Generated by org.testng.reporters.JUnitReportReporter -->
<testsuite skipped="0" hostname="DESKTOP-24A5P36" name="com.qa.launch.TestNGDemo" tests="1" failures="0" timestamp="2022-05-04T10:31:28 IST" time="0.010" errors="0">
  <testcase name="googleTitleTest" time="0.010" classname="com.qa.launch.TestNGDemo"/>
  <system-out/>
</testsuite> <!-- com.qa.launch.TestNGDemo -->
