<?xml version="1.0" encoding="UTF-8"?>
<!-- Generated by org.testng.reporters.JUnitReportReporter -->
<testsuite skipped="0" hostname="DESKTOP-24A5P36" name="com.qa.launch.GoogleTest" tests="1" failures="0" timestamp="2022-05-03T15:07:03 IST" time="7.685" errors="0">
  <testcase name="googleTitleTest" time="7.685" classname="com.qa.launch.GoogleTest"/>
  <system-out/>
</testsuite> <!-- com.qa.launch.GoogleTest -->
